app/build/outputs/logs/manifest-merger-release-report.txt
-- Merging decision tree log ---
manifest
ADDED from src/main/AndroidManifest.xml:2:1-163:12
INJECTED from src/main/AndroidManifest.xml:2:1-163:12
INJECTED from src/main/AndroidManifest.xml:2:1-163:12
INJECTED from src/main/AndroidManifest.xml:2:1-163:12
MERGED from [com.android.support:design:27.1.1] AndroidManifest.xml:17:1-22:12
MERGED from [com.github.chrisbanes:PhotoView:2.1.4] AndroidManifest.xml:2:1-11:12
MERGED from [com.android.support:appcompat-v7:27.1.1] AndroidManifest.xml:17:1-22:12
MERGED from [com.google.android.gms:play-services-ads:15.0.1] AndroidManifest.xml:17:1-25:12
MERGED from [com.android.support:customtabs:27.1.1] AndroidManifest.xml:17:1-22:12
MERGED from [com.android.support:recyclerview-v7:27.1.1] AndroidManifest.xml:17:1-22:12
MERGED from [com.google.android.gms:play-services-ads-identifier:15.0.1] AndroidManifest.xml:17:1-24:12
MERGED from [com.google.android.gms:play-services-ads-lite:15.0.1] AndroidManifest.xml:17:1-36:12
MERGED from [com.google.android.gms:play-services-gass:15.0.1] AndroidManifest.xml:2:1-9:12
MERGED from [com.google.android.gms:play-services-basement:15.0.1] AndroidManifest.xml:17:1-28:12
MERGED from [com.android.support:support-v4:27.1.1] AndroidManifest.xml:17:1-22:12
MERGED from [com.android.support:support-fragment:27.1.1] AndroidManifest.xml:17:1-22:12
MERGED from [com.android.support:animated-vector-drawable:27.1.1] AndroidManifest.xml:17:1-22:12
MERGED from [com.android.support:support-core-ui:27.1.1] AndroidManifest.xml:17:1-22:12
MERGED from [com.android.support:support-core-utils:27.1.1] AndroidManifest.xml:17:1-22:12
MERGED from [com.android.support:support-vector-drawable:27.1.1] AndroidManifest.xml:17:1-22:12
MERGED from [com.android.support:transition:27.1.1] AndroidManifest.xml:17:1-22:12
MERGED from [com.android.support:support-media-compat:27.1.1] AndroidManifest.xml:17:1-22:12
MERGED from [com.android.support:support-compat:27.1.1] AndroidManifest.xml:17:1-22:12
MERGED from [com.google.android.gms:play-services-ads-base:15.0.1] AndroidManifest.xml:17:1-24:12
MERGED from [android.arch.lifecycle:livedata-core:1.1.0] AndroidManifest.xml:17:1-22:12
MERGED from [android.arch.lifecycle:viewmodel:1.1.0] AndroidManifest.xml:17:1-22:12
MERGED from [android.arch.lifecycle:runtime:1.1.0] AndroidManifest.xml:17:1-22:12
MERGED from [android.arch.core:runtime:1.1.0] AndroidManifest.xml:17:1-22:12
INJECTED from src/main/AndroidManifest.xml:2:1-163:12
INJECTED from src/main/AndroidManifest.xml:2:1-163:12
INJECTED from src/main/AndroidManifest.xml:2:1-163:12
	package
		ADDED from src/main/AndroidManifest.xml:3:5-37
		INJECTED from src/main/AndroidManifest.xml
		INJECTED from src/main/AndroidManifest.xml
	android:versionName
		INJECTED from src/main/AndroidManifest.xml
		ADDED from src/main/AndroidManifest.xml:2:1-163:12
		INJECTED from src/main/AndroidManifest.xml
	android:versionCode
		INJECTED from src/main/AndroidManifest.xml
		ADDED from src/main/AndroidManifest.xml:2:1-163:12
		INJECTED from src/main/AndroidManifest.xml
	xmlns:android
		ADDED from src/main/AndroidManifest.xml:2:11-69
uses-permission#android.permission.WRITE_EXTERNAL_STORAGE
ADDED from src/main/AndroidManifest.xml:5:5-81
	android:name
		ADDED from src/main/AndroidManifest.xml:5:22-78
uses-permission#android.permission.INTERNET
ADDED from src/main/AndroidManifest.xml:6:5-67
MERGED from [com.google.android.gms:play-services-ads-lite:15.0.1] AndroidManifest.xml:23:5-67
MERGED from [com.google.android.gms:play-services-ads-lite:15.0.1] AndroidManifest.xml:23:5-67
	android:name
		ADDED from src/main/AndroidManifest.xml:6:22-64
uses-permission#android.permission.ACCESS_NETWORK_STATE
ADDED from src/main/AndroidManifest.xml:7:5-79
MERGED from [com.google.android.gms:play-services-ads-lite:15.0.1] AndroidManifest.xml:24:5-79
MERGED from [com.google.android.gms:play-services-ads-lite:15.0.1] AndroidManifest.xml:24:5-79
	android:name
		ADDED from src/main/AndroidManifest.xml:7:22-76
application
ADDED from src/main/AndroidManifest.xml:9:5-161:19
MERGED from [com.google.android.gms:play-services-ads-identifier:15.0.1] AndroidManifest.xml:22:5-20
MERGED from [com.google.android.gms:play-services-ads-identifier:15.0.1] AndroidManifest.xml:22:5-20
MERGED from [com.google.android.gms:play-services-ads-lite:15.0.1] AndroidManifest.xml:26:5-34:19
MERGED from [com.google.android.gms:play-services-ads-lite:15.0.1] AndroidManifest.xml:26:5-34:19
MERGED from [com.google.android.gms:play-services-gass:15.0.1] AndroidManifest.xml:7:5-20
MERGED from [com.google.android.gms:play-services-gass:15.0.1] AndroidManifest.xml:7:5-20
MERGED from [com.google.android.gms:play-services-basement:15.0.1] AndroidManifest.xml:22:5-26:19
MERGED from [com.google.android.gms:play-services-basement:15.0.1] AndroidManifest.xml:22:5-26:19
MERGED from [com.google.android.gms:play-services-ads-base:15.0.1] AndroidManifest.xml:22:5-20
MERGED from [com.google.android.gms:play-services-ads-base:15.0.1] AndroidManifest.xml:22:5-20
	android:label
		ADDED from src/main/AndroidManifest.xml:12:9-41
	android:icon
		ADDED from src/main/AndroidManifest.xml:11:9-40
	android:allowBackup
		ADDED from src/main/AndroidManifest.xml:10:9-35
	android:theme
		ADDED from src/main/AndroidManifest.xml:13:9-40
activity#com.sujichim.jasanjao2.MainActivity
ADDED from src/main/AndroidManifest.xml:14:9-24:20
	android:screenOrientation
		ADDED from src/main/AndroidManifest.xml:18:13-49
	android:label
		ADDED from src/main/AndroidManifest.xml:17:13-45
	android:configChanges
		ADDED from src/main/AndroidManifest.xml:16:13-59
	android:name
		ADDED from src/main/AndroidManifest.xml:15:13-41
intent-filter#action:name:android.intent.action.MAIN+category:name:android.intent.category.LAUNCHER
ADDED from src/main/AndroidManifest.xml:19:13-23:29
action#android.intent.action.MAIN
ADDED from src/main/AndroidManifest.xml:20:17-69
	android:name
		ADDED from src/main/AndroidManifest.xml:20:25-66
category#android.intent.category.LAUNCHER
ADDED from src/main/AndroidManifest.xml:22:17-77
	android:name
		ADDED from src/main/AndroidManifest.xml:22:27-74
receiver#com.sujichim.jasanjao2.MyReceiver
ADDED from src/main/AndroidManifest.xml:26:9-48
	android:name
		ADDED from src/main/AndroidManifest.xml:26:19-45
service#com.sujichim.jasanjao2.BroadcastService
ADDED from src/main/AndroidManifest.xml:28:9-30:38
	android:enabled
		ADDED from src/main/AndroidManifest.xml:30:13-35
	android:name
		ADDED from src/main/AndroidManifest.xml:29:13-45
service#com.sujichim.jasanjao2.BroadcastService2
ADDED from src/main/AndroidManifest.xml:31:9-33:38
	android:enabled
		ADDED from src/main/AndroidManifest.xml:33:13-35
	android:name
		ADDED from src/main/AndroidManifest.xml:32:13-46
activity#com.sujichim.jasanjao2.Ungi
ADDED from src/main/AndroidManifest.xml:35:9-40:52
	android:screenOrientation
		ADDED from src/main/AndroidManifest.xml:40:13-49
	android:parentActivityName
		ADDED from src/main/AndroidManifest.xml:39:13-55
	android:label
		ADDED from src/main/AndroidManifest.xml:38:13-56
	android:configChanges
		ADDED from src/main/AndroidManifest.xml:37:13-59
	android:name
		ADDED from src/main/AndroidManifest.xml:36:13-33
activity#com.sujichim.jasanjao2.UngiYear
ADDED from src/main/AndroidManifest.xml:41:9-46:52
	android:screenOrientation
		ADDED from src/main/AndroidManifest.xml:46:13-49
	android:parentActivityName
		ADDED from src/main/AndroidManifest.xml:45:13-55
	android:label
		ADDED from src/main/AndroidManifest.xml:44:13-61
	android:configChanges
		ADDED from src/main/AndroidManifest.xml:43:13-59
	android:name
		ADDED from src/main/AndroidManifest.xml:42:13-37
activity#com.sujichim.jasanjao2.Hands2
ADDED from src/main/AndroidManifest.xml:47:9-51:58
	android:parentActivityName
		ADDED from src/main/AndroidManifest.xml:51:13-55
	android:label
		ADDED from src/main/AndroidManifest.xml:50:13-58
	android:configChanges
		ADDED from src/main/AndroidManifest.xml:49:13-59
	android:name
		ADDED from src/main/AndroidManifest.xml:48:13-35
activity#com.sujichim.jasanjao2.Threeone2
ADDED from src/main/AndroidManifest.xml:52:9-57:52
	android:screenOrientation
		ADDED from src/main/AndroidManifest.xml:57:13-49
	android:parentActivityName
		ADDED from src/main/AndroidManifest.xml:56:13-55
	android:label
		ADDED from src/main/AndroidManifest.xml:55:13-61
	android:configChanges
		ADDED from src/main/AndroidManifest.xml:54:13-59
	android:name
		ADDED from src/main/AndroidManifest.xml:53:13-38
activity#com.sujichim.jasanjao2.Yangsil
ADDED from src/main/AndroidManifest.xml:58:9-63:52
	android:screenOrientation
		ADDED from src/main/AndroidManifest.xml:63:13-49
	android:parentActivityName
		ADDED from src/main/AndroidManifest.xml:62:13-52
	android:label
		ADDED from src/main/AndroidManifest.xml:61:13-59
	android:configChanges
		ADDED from src/main/AndroidManifest.xml:60:13-59
	android:name
		ADDED from src/main/AndroidManifest.xml:59:13-36
activity#com.sujichim.jasanjao2.Sinsil
ADDED from src/main/AndroidManifest.xml:64:9-69:52
	android:screenOrientation
		ADDED from src/main/AndroidManifest.xml:69:13-49
	android:parentActivityName
		ADDED from src/main/AndroidManifest.xml:68:13-52
	android:label
		ADDED from src/main/AndroidManifest.xml:67:13-58
	android:configChanges
		ADDED from src/main/AndroidManifest.xml:66:13-59
	android:name
		ADDED from src/main/AndroidManifest.xml:65:13-35
activity#com.sujichim.jasanjao2.Eumsil
ADDED from src/main/AndroidManifest.xml:70:9-75:52
	android:screenOrientation
		ADDED from src/main/AndroidManifest.xml:75:13-49
	android:parentActivityName
		ADDED from src/main/AndroidManifest.xml:74:13-52
	android:label
		ADDED from src/main/AndroidManifest.xml:73:13-58
	android:configChanges
		ADDED from src/main/AndroidManifest.xml:72:13-59
	android:name
		ADDED from src/main/AndroidManifest.xml:71:13-35
activity#com.sujichim.jasanjao2.Bokjindo
ADDED from src/main/AndroidManifest.xml:76:9-80:52
	android:screenOrientation
		ADDED from src/main/AndroidManifest.xml:80:13-49
	android:label
		ADDED from src/main/AndroidManifest.xml:79:13-60
	android:configChanges
		ADDED from src/main/AndroidManifest.xml:78:13-59
	android:name
		ADDED from src/main/AndroidManifest.xml:77:13-37
activity#com.sujichim.jasanjao2.Eightholes
ADDED from src/main/AndroidManifest.xml:81:9-86:52
	android:screenOrientation
		ADDED from src/main/AndroidManifest.xml:86:13-49
	android:parentActivityName
		ADDED from src/main/AndroidManifest.xml:85:13-52
	android:label
		ADDED from src/main/AndroidManifest.xml:84:13-62
	android:configChanges
		ADDED from src/main/AndroidManifest.xml:83:13-59
	android:name
		ADDED from src/main/AndroidManifest.xml:82:13-39
activity#com.sujichim.jasanjao2.TimerSec2
ADDED from src/main/AndroidManifest.xml:87:9-92:52
	android:screenOrientation
		ADDED from src/main/AndroidManifest.xml:92:13-49
	android:parentActivityName
		ADDED from src/main/AndroidManifest.xml:91:13-55
	android:label
		ADDED from src/main/AndroidManifest.xml:90:13-62
	android:configChanges
		ADDED from src/main/AndroidManifest.xml:89:13-59
	android:name
		ADDED from src/main/AndroidManifest.xml:88:13-38
activity#com.sujichim.jasanjao2.JangbuJisu
ADDED from src/main/AndroidManifest.xml:93:9-98:52
	android:screenOrientation
		ADDED from src/main/AndroidManifest.xml:98:13-49
	android:parentActivityName
		ADDED from src/main/AndroidManifest.xml:97:13-47
	android:label
		ADDED from src/main/AndroidManifest.xml:96:13-63
	android:configChanges
		ADDED from src/main/AndroidManifest.xml:95:13-59
	android:name
		ADDED from src/main/AndroidManifest.xml:94:13-39
activity#com.sujichim.jasanjao2.Ochi
ADDED from src/main/AndroidManifest.xml:99:9-104:52
	android:screenOrientation
		ADDED from src/main/AndroidManifest.xml:104:13-49
	android:parentActivityName
		ADDED from src/main/AndroidManifest.xml:103:13-55
	android:label
		ADDED from src/main/AndroidManifest.xml:102:13-56
	android:configChanges
		ADDED from src/main/AndroidManifest.xml:101:13-59
	android:name
		ADDED from src/main/AndroidManifest.xml:100:13-33
activity#com.sujichim.jasanjao2.UngiNow
ADDED from src/main/AndroidManifest.xml:105:9-110:52
	android:screenOrientation
		ADDED from src/main/AndroidManifest.xml:110:13-49
	android:parentActivityName
		ADDED from src/main/AndroidManifest.xml:109:13-55
	android:label
		ADDED from src/main/AndroidManifest.xml:108:13-60
	android:configChanges
		ADDED from src/main/AndroidManifest.xml:107:13-59
	android:name
		ADDED from src/main/AndroidManifest.xml:106:13-36
activity#com.sujichim.jasanjao2.Body
ADDED from src/main/AndroidManifest.xml:111:9-116:52
	android:screenOrientation
		ADDED from src/main/AndroidManifest.xml:116:13-49
	android:parentActivityName
		ADDED from src/main/AndroidManifest.xml:115:13-55
	android:label
		ADDED from src/main/AndroidManifest.xml:114:13-56
	android:configChanges
		ADDED from src/main/AndroidManifest.xml:113:13-59
	android:name
		ADDED from src/main/AndroidManifest.xml:112:13-33
activity#com.sujichim.jasanjao2.BodyPic
ADDED from src/main/AndroidManifest.xml:117:9-45
	android:name
		ADDED from src/main/AndroidManifest.xml:117:19-42
activity#com.sujichim.jasanjao2.card.List
ADDED from src/main/AndroidManifest.xml:118:9-123:59
	android:screenOrientation
		ADDED from src/main/AndroidManifest.xml:122:13-49
	android:label
		ADDED from src/main/AndroidManifest.xml:121:13-61
	android:configChanges
		ADDED from src/main/AndroidManifest.xml:120:13-59
	android:theme
		ADDED from src/main/AndroidManifest.xml:123:13-56
	android:name
		ADDED from src/main/AndroidManifest.xml:119:13-38
activity#com.sujichim.jasanjao2.card.Form
ADDED from src/main/AndroidManifest.xml:124:9-129:59
	android:screenOrientation
		ADDED from src/main/AndroidManifest.xml:128:13-49
	android:label
		ADDED from src/main/AndroidManifest.xml:127:13-61
	android:configChanges
		ADDED from src/main/AndroidManifest.xml:126:13-59
	android:theme
		ADDED from src/main/AndroidManifest.xml:129:13-56
	android:name
		ADDED from src/main/AndroidManifest.xml:125:13-38
activity#com.sujichim.jasanjao2.quiz.MainQuiz
ADDED from src/main/AndroidManifest.xml:130:9-134:52
	android:screenOrientation
		ADDED from src/main/AndroidManifest.xml:134:13-49
	android:parentActivityName
		ADDED from src/main/AndroidManifest.xml:133:13-55
	android:configChanges
		ADDED from src/main/AndroidManifest.xml:132:13-59
	android:name
		ADDED from src/main/AndroidManifest.xml:131:13-42
activity#com.sujichim.jasanjao2.quiz.UngiQuiz
ADDED from src/main/AndroidManifest.xml:135:9-139:52
	android:screenOrientation
		ADDED from src/main/AndroidManifest.xml:139:13-49
	android:parentActivityName
		ADDED from src/main/AndroidManifest.xml:138:13-56
	android:configChanges
		ADDED from src/main/AndroidManifest.xml:137:13-59
	android:name
		ADDED from src/main/AndroidManifest.xml:136:13-42
activity#com.sujichim.jasanjao2.quiz.BokjinQuiz2
ADDED from src/main/AndroidManifest.xml:140:9-144:52
	android:screenOrientation
		ADDED from src/main/AndroidManifest.xml:144:13-49
	android:parentActivityName
		ADDED from src/main/AndroidManifest.xml:143:13-56
	android:configChanges
		ADDED from src/main/AndroidManifest.xml:142:13-59
	android:name
		ADDED from src/main/AndroidManifest.xml:141:13-45
activity#com.sujichim.jasanjao2.quiz.GiMac
ADDED from src/main/AndroidManifest.xml:145:9-149:52
	android:screenOrientation
		ADDED from src/main/AndroidManifest.xml:149:13-49
	android:parentActivityName
		ADDED from src/main/AndroidManifest.xml:148:13-56
	android:configChanges
		ADDED from src/main/AndroidManifest.xml:147:13-59
	android:name
		ADDED from src/main/AndroidManifest.xml:146:13-39
activity#com.sujichim.jasanjao2.quiz.MacJin
ADDED from src/main/AndroidManifest.xml:150:9-154:52
	android:screenOrientation
		ADDED from src/main/AndroidManifest.xml:154:13-49
	android:parentActivityName
		ADDED from src/main/AndroidManifest.xml:153:13-56
	android:configChanges
		ADDED from src/main/AndroidManifest.xml:152:13-59
	android:name
		ADDED from src/main/AndroidManifest.xml:151:13-40
activity#com.sujichim.jasanjao2.quiz.SanghapQuiz
ADDED from src/main/AndroidManifest.xml:155:9-160:20
	android:screenOrientation
		ADDED from src/main/AndroidManifest.xml:159:13-49
	android:parentActivityName
		ADDED from src/main/AndroidManifest.xml:158:13-56
	android:configChanges
		ADDED from src/main/AndroidManifest.xml:157:13-59
	android:name
		ADDED from src/main/AndroidManifest.xml:156:13-45
uses-sdk
INJECTED from src/main/AndroidManifest.xml reason: use-sdk injection requested
INJECTED from src/main/AndroidManifest.xml
INJECTED from src/main/AndroidManifest.xml
MERGED from [com.android.support:design:27.1.1] AndroidManifest.xml:20:5-44
MERGED from [com.android.support:design:27.1.1] AndroidManifest.xml:20:5-44
MERGED from [com.github.chrisbanes:PhotoView:2.1.4] AndroidManifest.xml:7:5-9:41
MERGED from [com.github.chrisbanes:PhotoView:2.1.4] AndroidManifest.xml:7:5-9:41
MERGED from [com.android.support:appcompat-v7:27.1.1] AndroidManifest.xml:20:5-44
MERGED from [com.android.support:appcompat-v7:27.1.1] AndroidManifest.xml:20:5-44
MERGED from [com.google.android.gms:play-services-ads:15.0.1] AndroidManifest.xml:21:5-23:62
MERGED from [com.google.android.gms:play-services-ads:15.0.1] AndroidManifest.xml:21:5-23:62
MERGED from [com.android.support:customtabs:27.1.1] AndroidManifest.xml:20:5-44
MERGED from [com.android.support:customtabs:27.1.1] AndroidManifest.xml:20:5-44
MERGED from [com.android.support:recyclerview-v7:27.1.1] AndroidManifest.xml:20:5-44
MERGED from [com.android.support:recyclerview-v7:27.1.1] AndroidManifest.xml:20:5-44
MERGED from [com.google.android.gms:play-services-ads-identifier:15.0.1] AndroidManifest.xml:20:5-44
MERGED from [com.google.android.gms:play-services-ads-identifier:15.0.1] AndroidManifest.xml:20:5-44
MERGED from [com.google.android.gms:play-services-ads-lite:15.0.1] AndroidManifest.xml:20:5-44
MERGED from [com.google.android.gms:play-services-ads-lite:15.0.1] AndroidManifest.xml:20:5-44
MERGED from [com.google.android.gms:play-services-gass:15.0.1] AndroidManifest.xml:5:5-44
MERGED from [com.google.android.gms:play-services-gass:15.0.1] AndroidManifest.xml:5:5-44
MERGED from [com.google.android.gms:play-services-basement:15.0.1] AndroidManifest.xml:20:5-44
MERGED from [com.google.android.gms:play-services-basement:15.0.1] AndroidManifest.xml:20:5-44
MERGED from [com.android.support:support-v4:27.1.1] AndroidManifest.xml:20:5-44
MERGED from [com.android.support:support-v4:27.1.1] AndroidManifest.xml:20:5-44
MERGED from [com.android.support:support-fragment:27.1.1] AndroidManifest.xml:20:5-44
MERGED from [com.android.support:support-fragment:27.1.1] AndroidManifest.xml:20:5-44
MERGED from [com.android.support:animated-vector-drawable:27.1.1] AndroidManifest.xml:20:5-44
MERGED from [com.android.support:animated-vector-drawable:27.1.1] AndroidManifest.xml:20:5-44
MERGED from [com.android.support:support-core-ui:27.1.1] AndroidManifest.xml:20:5-44
MERGED from [com.android.support:support-core-ui:27.1.1] AndroidManifest.xml:20:5-44
MERGED from [com.android.support:support-core-utils:27.1.1] AndroidManifest.xml:20:5-44
MERGED from [com.android.support:support-core-utils:27.1.1] AndroidManifest.xml:20:5-44
MERGED from [com.android.support:support-vector-drawable:27.1.1] AndroidManifest.xml:20:5-44
MERGED from [com.android.support:support-vector-drawable:27.1.1] AndroidManifest.xml:20:5-44
MERGED from [com.android.support:transition:27.1.1] AndroidManifest.xml:20:5-44
MERGED from [com.android.support:transition:27.1.1] AndroidManifest.xml:20:5-44
MERGED from [com.android.support:support-media-compat:27.1.1] AndroidManifest.xml:20:5-44
MERGED from [com.android.support:support-media-compat:27.1.1] AndroidManifest.xml:20:5-44
MERGED from [com.android.support:support-compat:27.1.1] AndroidManifest.xml:20:5-44
MERGED from [com.android.support:support-compat:27.1.1] AndroidManifest.xml:20:5-44
MERGED from [com.google.android.gms:play-services-ads-base:15.0.1] AndroidManifest.xml:20:5-44
MERGED from [com.google.android.gms:play-services-ads-base:15.0.1] AndroidManifest.xml:20:5-44
MERGED from [android.arch.lifecycle:livedata-core:1.1.0] AndroidManifest.xml:20:5-44
MERGED from [android.arch.lifecycle:livedata-core:1.1.0] AndroidManifest.xml:20:5-44
MERGED from [android.arch.lifecycle:viewmodel:1.1.0] AndroidManifest.xml:20:5-44
MERGED from [android.arch.lifecycle:viewmodel:1.1.0] AndroidManifest.xml:20:5-44
MERGED from [android.arch.lifecycle:runtime:1.1.0] AndroidManifest.xml:20:5-44
MERGED from [android.arch.lifecycle:runtime:1.1.0] AndroidManifest.xml:20:5-44
MERGED from [android.arch.core:runtime:1.1.0] AndroidManifest.xml:20:5-44
MERGED from [android.arch.core:runtime:1.1.0] AndroidManifest.xml:20:5-44
INJECTED from src/main/AndroidManifest.xml
INJECTED from src/main/AndroidManifest.xml
	tools:overrideLibrary
		ADDED from [com.google.android.gms:play-services-ads:15.0.1] AndroidManifest.xml:23:9-59
	android:targetSdkVersion
		INJECTED from src/main/AndroidManifest.xml
		ADDED from src/main/AndroidManifest.xml
		INJECTED from src/main/AndroidManifest.xml
	android:minSdkVersion
		INJECTED from src/main/AndroidManifest.xml
		ADDED from src/main/AndroidManifest.xml
		INJECTED from src/main/AndroidManifest.xml
activity#com.google.android.gms.ads.AdActivity
ADDED from [com.google.android.gms:play-services-ads-lite:15.0.1] AndroidManifest.xml:29:9-33:64
	android:exported
		ADDED from [com.google.android.gms:play-services-ads-lite:15.0.1] AndroidManifest.xml:32:13-37
	android:configChanges
		ADDED from [com.google.android.gms:play-services-ads-lite:15.0.1] AndroidManifest.xml:31:13-122
	android:theme
		ADDED from [com.google.android.gms:play-services-ads-lite:15.0.1] AndroidManifest.xml:33:13-61
	android:name
		ADDED from [com.google.android.gms:play-services-ads-lite:15.0.1] AndroidManifest.xml:30:13-65
meta-data#com.google.android.gms.version
ADDED from [com.google.android.gms:play-services-basement:15.0.1] AndroidManifest.xml:23:9-25:69
	android:value
		ADDED from [com.google.android.gms:play-services-basement:15.0.1] AndroidManifest.xml:25:13-66
	android:name
		ADDED from [com.google.android.gms:play-services-basement:15.0.1] AndroidManifest.xml:24:13-58